<?xml version="1.0" encoding="UTF-8"?>
<!-- Generated by org.testng.reporters.JUnitReportReporter -->
<testsuite skipped="0" hostname="LAPTOP-5857S6OR" name="testcases.TC_004_EditIndividualPage" tests="1" failures="0" timestamp="2023-04-30T22:35:24 IST" time="24.536" errors="0">
  <testcase name="runEdit" time="24.536" classname="testcases.TC_004_EditIndividualPage"/>
  <system-out/>
</testsuite> <!-- testcases.TC_004_EditIndividualPage -->
