<?xml version="1.0" encoding="UTF-8"?>
<!-- Generated by org.testng.reporters.JUnitReportReporter -->
<testsuite skipped="0" hostname="LAPTOP-5857S6OR" name="testcases.TC_002_CreateIndividualPage" tests="1" failures="0" timestamp="2023-04-30T22:35:24 IST" time="17.355" errors="0">
  <testcase name="runCreative" time="17.355" classname="testcases.TC_002_CreateIndividualPage"/>
  <system-out/>
</testsuite> <!-- testcases.TC_002_CreateIndividualPage -->
